<?xml version="1.0" encoding="UTF-8"?>
<testsuite xmlns:xsi="http://www.w3.org/2001/XMLSchema-instance" xsi:noNamespaceSchemaLocation="https://maven.apache.org/surefire/maven-surefire-plugin/xsd/surefire-test-report.xsd" name="com.medical.smart.AppTest" time="0.074" tests="1" errors="0" skipped="0" failures="0">
  <properties>
    <property name="sun.desktop" value="windows"/>
    <property name="awt.toolkit" value="sun.awt.windows.WToolkit"/>
    <property name="file.encoding.pkg" value="sun.io"/>
    <property name="java.specification.version" value="1.8"/>
    <property name="sun.cpu.isalist" value="amd64"/>
    <property name="sun.jnu.encoding" value="GBK"/>
    <property name="java.class.path" value="F:\smartmedicalsystem\smartmedicalsystem\smart-medical-provider-commons\target\test-classes;F:\smartmedicalsystem\smartmedicalsystem\smart-medical-provider-commons\target\classes;D:\ruanjian\localrepository\com\medical\smart\smart-medical-consumer-commons\1.0.0\smart-medical-consumer-commons-1.0.0.jar;D:\ruanjian\localrepository\org\springframework\cloud\spring-cloud-starter-netflix-eureka-client\3.1.0\spring-cloud-starter-netflix-eureka-client-3.1.0.jar;D:\ruanjian\localrepository\org\springframework\cloud\spring-cloud-starter\3.1.0\spring-cloud-starter-3.1.0.jar;D:\ruanjian\localrepository\org\springframework\cloud\spring-cloud-context\3.1.0\spring-cloud-context-3.1.0.jar;D:\ruanjian\localrepository\org\springframework\security\spring-security-crypto\5.6.1\spring-security-crypto-5.6.1.jar;D:\ruanjian\localrepository\org\springframework\cloud\spring-cloud-commons\3.1.0\spring-cloud-commons-3.1.0.jar;D:\ruanjian\localrepository\org\springframework\security\spring-security-rsa\1.0.10.RELEASE\spring-security-rsa-1.0.10.RELEASE.jar;D:\ruanjian\localrepository\org\bouncycastle\bcpkix-jdk15on\1.68\bcpkix-jdk15on-1.68.jar;D:\ruanjian\localrepository\org\bouncycastle\bcprov-jdk15on\1.68\bcprov-jdk15on-1.68.jar;D:\ruanjian\localrepository\org\springframework\cloud\spring-cloud-netflix-eureka-client\3.1.0\spring-cloud-netflix-eureka-client-3.1.0.jar;D:\ruanjian\localrepository\com\netflix\eureka\eureka-client\1.10.17\eureka-client-1.10.17.jar;D:\ruanjian\localrepository\com\netflix\netflix-commons\netflix-eventbus\0.3.0\netflix-eventbus-0.3.0.jar;D:\ruanjian\localrepository\com\netflix\netflix-commons\netflix-infix\0.3.0\netflix-infix-0.3.0.jar;D:\ruanjian\localrepository\commons-jxpath\commons-jxpath\1.3\commons-jxpath-1.3.jar;D:\ruanjian\localrepository\joda-time\joda-time\2.3\joda-time-2.3.jar;D:\ruanjian\localrepository\org\antlr\antlr-runtime\3.4\antlr-runtime-3.4.jar;D:\ruanjian\localrepository\org\antlr\stringtemplate\3.2.1\stringtemplate-3.2.1.jar;D:\ruanjian\localrepository\antlr\antlr\2.7.7\antlr-2.7.7.jar;D:\ruanjian\localrepository\com\google\code\gson\gson\2.8.9\gson-2.8.9.jar;D:\ruanjian\localrepository\org\apache\commons\commons-math\2.2\commons-math-2.2.jar;D:\ruanjian\localrepository\com\thoughtworks\xstream\xstream\1.4.18\xstream-1.4.18.jar;D:\ruanjian\localrepository\io\github\x-stream\mxparser\1.2.2\mxparser-1.2.2.jar;D:\ruanjian\localrepository\xmlpull\xmlpull\1.1.3.1\xmlpull-1.1.3.1.jar;D:\ruanjian\localrepository\javax\ws\rs\jsr311-api\1.1.1\jsr311-api-1.1.1.jar;D:\ruanjian\localrepository\com\netflix\servo\servo-core\0.12.21\servo-core-0.12.21.jar;D:\ruanjian\localrepository\com\google\guava\guava\19.0\guava-19.0.jar;D:\ruanjian\localrepository\org\apache\httpcomponents\httpclient\4.5.13\httpclient-4.5.13.jar;D:\ruanjian\localrepository\org\apache\httpcomponents\httpcore\4.4.15\httpcore-4.4.15.jar;D:\ruanjian\localrepository\commons-codec\commons-codec\1.15\commons-codec-1.15.jar;D:\ruanjian\localrepository\commons-configuration\commons-configuration\1.10\commons-configuration-1.10.jar;D:\ruanjian\localrepository\commons-lang\commons-lang\2.6\commons-lang-2.6.jar;D:\ruanjian\localrepository\com\google\inject\guice\4.1.0\guice-4.1.0.jar;D:\ruanjian\localrepository\javax\inject\javax.inject\1\javax.inject-1.jar;D:\ruanjian\localrepository\com\fasterxml\jackson\core\jackson-annotations\2.13.1\jackson-annotations-2.13.1.jar;D:\ruanjian\localrepository\com\fasterxml\jackson\core\jackson-core\2.13.1\jackson-core-2.13.1.jar;D:\ruanjian\localrepository\org\codehaus\jettison\jettison\1.4.0\jettison-1.4.0.jar;D:\ruanjian\localrepository\com\netflix\eureka\eureka-core\1.10.17\eureka-core-1.10.17.jar;D:\ruanjian\localrepository\com\fasterxml\woodstox\woodstox-core\6.2.1\woodstox-core-6.2.1.jar;D:\ruanjian\localrepository\org\codehaus\woodstox\stax2-api\4.2.1\stax2-api-4.2.1.jar;D:\ruanjian\localrepository\org\springframework\cloud\spring-cloud-starter-loadbalancer\3.1.0\spring-cloud-starter-loadbalancer-3.1.0.jar;D:\ruanjian\localrepository\org\springframework\cloud\spring-cloud-loadbalancer\3.1.0\spring-cloud-loadbalancer-3.1.0.jar;D:\ruanjian\localrepository\io\projectreactor\addons\reactor-extra\3.4.6\reactor-extra-3.4.6.jar;D:\ruanjian\localrepository\org\springframework\boot\spring-boot-starter-cache\2.6.2\spring-boot-starter-cache-2.6.2.jar;D:\ruanjian\localrepository\com\stoyanr\evictor\1.0.0\evictor-1.0.0.jar;D:\ruanjian\localrepository\org\springframework\boot\spring-boot-starter-validation\2.6.2\spring-boot-starter-validation-2.6.2.jar;D:\ruanjian\localrepository\org\apache\tomcat\embed\tomcat-embed-el\9.0.56\tomcat-embed-el-9.0.56.jar;D:\ruanjian\localrepository\org\hibernate\validator\hibernate-validator\6.2.0.Final\hibernate-validator-6.2.0.Final.jar;D:\ruanjian\localrepository\jakarta\validation\jakarta.validation-api\2.0.2\jakarta.validation-api-2.0.2.jar;D:\ruanjian\localrepository\org\jboss\logging\jboss-logging\3.4.2.Final\jboss-logging-3.4.2.Final.jar;D:\ruanjian\localrepository\com\fasterxml\classmate\1.5.1\classmate-1.5.1.jar;D:\ruanjian\localrepository\com\auth0\java-jwt\3.18.2\java-jwt-3.18.2.jar;D:\ruanjian\localrepository\com\fasterxml\jackson\core\jackson-databind\2.13.1\jackson-databind-2.13.1.jar;D:\ruanjian\localrepository\cn\hutool\hutool-all\5.7.18\hutool-all-5.7.18.jar;D:\ruanjian\localrepository\org\springframework\boot\spring-boot-starter-data-redis\2.6.2\spring-boot-starter-data-redis-2.6.2.jar;D:\ruanjian\localrepository\org\springframework\data\spring-data-redis\2.6.0\spring-data-redis-2.6.0.jar;D:\ruanjian\localrepository\org\springframework\data\spring-data-keyvalue\2.6.0\spring-data-keyvalue-2.6.0.jar;D:\ruanjian\localrepository\org\springframework\data\spring-data-commons\2.6.0\spring-data-commons-2.6.0.jar;D:\ruanjian\localrepository\org\springframework\spring-tx\5.3.14\spring-tx-5.3.14.jar;D:\ruanjian\localrepository\org\springframework\spring-oxm\5.3.14\spring-oxm-5.3.14.jar;D:\ruanjian\localrepository\io\lettuce\lettuce-core\6.1.5.RELEASE\lettuce-core-6.1.5.RELEASE.jar;D:\ruanjian\localrepository\io\netty\netty-common\4.1.72.Final\netty-common-4.1.72.Final.jar;D:\ruanjian\localrepository\io\netty\netty-handler\4.1.72.Final\netty-handler-4.1.72.Final.jar;D:\ruanjian\localrepository\io\netty\netty-resolver\4.1.72.Final\netty-resolver-4.1.72.Final.jar;D:\ruanjian\localrepository\io\netty\netty-buffer\4.1.72.Final\netty-buffer-4.1.72.Final.jar;D:\ruanjian\localrepository\io\netty\netty-codec\4.1.72.Final\netty-codec-4.1.72.Final.jar;D:\ruanjian\localrepository\io\netty\netty-tcnative-classes\2.0.46.Final\netty-tcnative-classes-2.0.46.Final.jar;D:\ruanjian\localrepository\io\netty\netty-transport\4.1.72.Final\netty-transport-4.1.72.Final.jar;D:\ruanjian\localrepository\io\projectreactor\reactor-core\3.4.13\reactor-core-3.4.13.jar;D:\ruanjian\localrepository\org\reactivestreams\reactive-streams\1.0.3\reactive-streams-1.0.3.jar;D:\ruanjian\localrepository\org\projectlombok\lombok\1.18.10\lombok-1.18.10.jar;D:\ruanjian\localrepository\org\mapstruct\mapstruct\1.3.0.Final\mapstruct-1.3.0.Final.jar;D:\ruanjian\localrepository\org\mapstruct\mapstruct-processor\1.3.0.Final\mapstruct-processor-1.3.0.Final.jar;D:\ruanjian\localrepository\org\springframework\boot\spring-boot-starter-freemarker\2.6.2\spring-boot-starter-freemarker-2.6.2.jar;D:\ruanjian\localrepository\org\springframework\boot\spring-boot-starter\2.6.2\spring-boot-starter-2.6.2.jar;D:\ruanjian\localrepository\org\springframework\boot\spring-boot-starter-logging\2.6.2\spring-boot-starter-logging-2.6.2.jar;D:\ruanjian\localrepository\ch\qos\logback\logback-classic\1.2.9\logback-classic-1.2.9.jar;D:\ruanjian\localrepository\ch\qos\logback\logback-core\1.2.9\logback-core-1.2.9.jar;D:\ruanjian\localrepository\org\apache\logging\log4j\log4j-to-slf4j\2.17.0\log4j-to-slf4j-2.17.0.jar;D:\ruanjian\localrepository\org\apache\logging\log4j\log4j-api\2.17.0\log4j-api-2.17.0.jar;D:\ruanjian\localrepository\org\slf4j\jul-to-slf4j\1.7.32\jul-to-slf4j-1.7.32.jar;D:\ruanjian\localrepository\jakarta\annotation\jakarta.annotation-api\1.3.5\jakarta.annotation-api-1.3.5.jar;D:\ruanjian\localrepository\org\springframework\spring-core\5.3.14\spring-core-5.3.14.jar;D:\ruanjian\localrepository\org\springframework\spring-jcl\5.3.14\spring-jcl-5.3.14.jar;D:\ruanjian\localrepository\org\yaml\snakeyaml\1.29\snakeyaml-1.29.jar;D:\ruanjian\localrepository\org\freemarker\freemarker\2.3.31\freemarker-2.3.31.jar;D:\ruanjian\localrepository\org\springframework\spring-context-support\5.3.14\spring-context-support-5.3.14.jar;D:\ruanjian\localrepository\org\springframework\spring-beans\5.3.14\spring-beans-5.3.14.jar;D:\ruanjian\localrepository\org\springframework\spring-context\5.3.14\spring-context-5.3.14.jar;D:\ruanjian\localrepository\mysql\mysql-connector-java\8.0.27\mysql-connector-java-8.0.27.jar;D:\ruanjian\localrepository\com\alibaba\druid-spring-boot-starter\1.2.8\druid-spring-boot-starter-1.2.8.jar;D:\ruanjian\localrepository\com\alibaba\druid\1.2.8\druid-1.2.8.jar;D:\ruanjian\localrepository\org\slf4j\slf4j-api\1.7.32\slf4j-api-1.7.32.jar;D:\ruanjian\localrepository\org\springframework\boot\spring-boot-autoconfigure\2.6.2\spring-boot-autoconfigure-2.6.2.jar;D:\ruanjian\localrepository\org\mybatis\spring\boot\mybatis-spring-boot-starter\2.2.0\mybatis-spring-boot-starter-2.2.0.jar;D:\ruanjian\localrepository\org\springframework\boot\spring-boot-starter-jdbc\2.6.2\spring-boot-starter-jdbc-2.6.2.jar;D:\ruanjian\localrepository\com\zaxxer\HikariCP\4.0.3\HikariCP-4.0.3.jar;D:\ruanjian\localrepository\org\springframework\spring-jdbc\5.3.14\spring-jdbc-5.3.14.jar;D:\ruanjian\localrepository\org\mybatis\spring\boot\mybatis-spring-boot-autoconfigure\2.2.0\mybatis-spring-boot-autoconfigure-2.2.0.jar;D:\ruanjian\localrepository\org\mybatis\mybatis\3.5.7\mybatis-3.5.7.jar;D:\ruanjian\localrepository\org\mybatis\mybatis-spring\2.0.6\mybatis-spring-2.0.6.jar;D:\ruanjian\localrepository\com\baomidou\mybatis-plus-boot-starter\3.4.3.4\mybatis-plus-boot-starter-3.4.3.4.jar;D:\ruanjian\localrepository\com\baomidou\mybatis-plus\3.4.3.4\mybatis-plus-3.4.3.4.jar;D:\ruanjian\localrepository\com\baomidou\mybatis-plus-extension\3.4.3.4\mybatis-plus-extension-3.4.3.4.jar;D:\ruanjian\localrepository\com\baomidou\mybatis-plus-core\3.4.3.4\mybatis-plus-core-3.4.3.4.jar;D:\ruanjian\localrepository\com\baomidou\mybatis-plus-annotation\3.4.3.4\mybatis-plus-annotation-3.4.3.4.jar;D:\ruanjian\localrepository\com\github\jsqlparser\jsqlparser\4.2\jsqlparser-4.2.jar;D:\ruanjian\localrepository\org\springframework\boot\spring-boot-starter-web\2.6.2\spring-boot-starter-web-2.6.2.jar;D:\ruanjian\localrepository\org\springframework\boot\spring-boot-starter-json\2.6.2\spring-boot-starter-json-2.6.2.jar;D:\ruanjian\localrepository\com\fasterxml\jackson\datatype\jackson-datatype-jdk8\2.13.1\jackson-datatype-jdk8-2.13.1.jar;D:\ruanjian\localrepository\com\fasterxml\jackson\datatype\jackson-datatype-jsr310\2.13.1\jackson-datatype-jsr310-2.13.1.jar;D:\ruanjian\localrepository\com\fasterxml\jackson\module\jackson-module-parameter-names\2.13.1\jackson-module-parameter-names-2.13.1.jar;D:\ruanjian\localrepository\org\springframework\boot\spring-boot-starter-tomcat\2.6.2\spring-boot-starter-tomcat-2.6.2.jar;D:\ruanjian\localrepository\org\apache\tomcat\embed\tomcat-embed-core\9.0.56\tomcat-embed-core-9.0.56.jar;D:\ruanjian\localrepository\org\apache\tomcat\embed\tomcat-embed-websocket\9.0.56\tomcat-embed-websocket-9.0.56.jar;D:\ruanjian\localrepository\org\springframework\spring-web\5.3.14\spring-web-5.3.14.jar;D:\ruanjian\localrepository\org\springframework\spring-webmvc\5.3.14\spring-webmvc-5.3.14.jar;D:\ruanjian\localrepository\org\springframework\spring-aop\5.3.14\spring-aop-5.3.14.jar;D:\ruanjian\localrepository\org\springframework\spring-expression\5.3.14\spring-expression-5.3.14.jar;D:\ruanjian\localrepository\org\springframework\boot\spring-boot-devtools\2.6.2\spring-boot-devtools-2.6.2.jar;D:\ruanjian\localrepository\org\springframework\boot\spring-boot\2.6.2\spring-boot-2.6.2.jar;D:\ruanjian\localrepository\junit\junit\4.13.2\junit-4.13.2.jar;D:\ruanjian\localrepository\org\hamcrest\hamcrest-core\2.2\hamcrest-core-2.2.jar;D:\ruanjian\localrepository\org\hamcrest\hamcrest\2.2\hamcrest-2.2.jar;"/>
    <property name="java.vm.vendor" value="Oracle Corporation"/>
    <property name="sun.arch.data.model" value="64"/>
    <property name="user.variant" value=""/>
    <property name="java.vendor.url" value="http://java.oracle.com/"/>
    <property name="user.timezone" value="GMT+08:00"/>
    <property name="java.vm.specification.version" value="1.8"/>
    <property name="os.name" value="Windows 10"/>
    <property name="user.country" value="CN"/>
    <property name="sun.java.launcher" value="SUN_STANDARD"/>
    <property name="sun.boot.library.path" value="C:\Program Files\Java\jdk1.8.0_301\jre\bin"/>
    <property name="sun.java.command" value="C:\Users\王晗\AppData\Local\Temp\surefire7829731739168616479\surefirebooter4714677014835100381.jar C:\Users\王晗\AppData\Local\Temp\surefire7829731739168616479 2022-01-07T09-02-12_663-jvmRun1 surefire627757564666534058tmp surefire_01273933395372013142tmp"/>
    <property name="surefire.test.class.path" value="F:\smartmedicalsystem\smartmedicalsystem\smart-medical-provider-commons\target\test-classes;F:\smartmedicalsystem\smartmedicalsystem\smart-medical-provider-commons\target\classes;D:\ruanjian\localrepository\com\medical\smart\smart-medical-consumer-commons\1.0.0\smart-medical-consumer-commons-1.0.0.jar;D:\ruanjian\localrepository\org\springframework\cloud\spring-cloud-starter-netflix-eureka-client\3.1.0\spring-cloud-starter-netflix-eureka-client-3.1.0.jar;D:\ruanjian\localrepository\org\springframework\cloud\spring-cloud-starter\3.1.0\spring-cloud-starter-3.1.0.jar;D:\ruanjian\localrepository\org\springframework\cloud\spring-cloud-context\3.1.0\spring-cloud-context-3.1.0.jar;D:\ruanjian\localrepository\org\springframework\security\spring-security-crypto\5.6.1\spring-security-crypto-5.6.1.jar;D:\ruanjian\localrepository\org\springframework\cloud\spring-cloud-commons\3.1.0\spring-cloud-commons-3.1.0.jar;D:\ruanjian\localrepository\org\springframework\security\spring-security-rsa\1.0.10.RELEASE\spring-security-rsa-1.0.10.RELEASE.jar;D:\ruanjian\localrepository\org\bouncycastle\bcpkix-jdk15on\1.68\bcpkix-jdk15on-1.68.jar;D:\ruanjian\localrepository\org\bouncycastle\bcprov-jdk15on\1.68\bcprov-jdk15on-1.68.jar;D:\ruanjian\localrepository\org\springframework\cloud\spring-cloud-netflix-eureka-client\3.1.0\spring-cloud-netflix-eureka-client-3.1.0.jar;D:\ruanjian\localrepository\com\netflix\eureka\eureka-client\1.10.17\eureka-client-1.10.17.jar;D:\ruanjian\localrepository\com\netflix\netflix-commons\netflix-eventbus\0.3.0\netflix-eventbus-0.3.0.jar;D:\ruanjian\localrepository\com\netflix\netflix-commons\netflix-infix\0.3.0\netflix-infix-0.3.0.jar;D:\ruanjian\localrepository\commons-jxpath\commons-jxpath\1.3\commons-jxpath-1.3.jar;D:\ruanjian\localrepository\joda-time\joda-time\2.3\joda-time-2.3.jar;D:\ruanjian\localrepository\org\antlr\antlr-runtime\3.4\antlr-runtime-3.4.jar;D:\ruanjian\localrepository\org\antlr\stringtemplate\3.2.1\stringtemplate-3.2.1.jar;D:\ruanjian\localrepository\antlr\antlr\2.7.7\antlr-2.7.7.jar;D:\ruanjian\localrepository\com\google\code\gson\gson\2.8.9\gson-2.8.9.jar;D:\ruanjian\localrepository\org\apache\commons\commons-math\2.2\commons-math-2.2.jar;D:\ruanjian\localrepository\com\thoughtworks\xstream\xstream\1.4.18\xstream-1.4.18.jar;D:\ruanjian\localrepository\io\github\x-stream\mxparser\1.2.2\mxparser-1.2.2.jar;D:\ruanjian\localrepository\xmlpull\xmlpull\1.1.3.1\xmlpull-1.1.3.1.jar;D:\ruanjian\localrepository\javax\ws\rs\jsr311-api\1.1.1\jsr311-api-1.1.1.jar;D:\ruanjian\localrepository\com\netflix\servo\servo-core\0.12.21\servo-core-0.12.21.jar;D:\ruanjian\localrepository\com\google\guava\guava\19.0\guava-19.0.jar;D:\ruanjian\localrepository\org\apache\httpcomponents\httpclient\4.5.13\httpclient-4.5.13.jar;D:\ruanjian\localrepository\org\apache\httpcomponents\httpcore\4.4.15\httpcore-4.4.15.jar;D:\ruanjian\localrepository\commons-codec\commons-codec\1.15\commons-codec-1.15.jar;D:\ruanjian\localrepository\commons-configuration\commons-configuration\1.10\commons-configuration-1.10.jar;D:\ruanjian\localrepository\commons-lang\commons-lang\2.6\commons-lang-2.6.jar;D:\ruanjian\localrepository\com\google\inject\guice\4.1.0\guice-4.1.0.jar;D:\ruanjian\localrepository\javax\inject\javax.inject\1\javax.inject-1.jar;D:\ruanjian\localrepository\com\fasterxml\jackson\core\jackson-annotations\2.13.1\jackson-annotations-2.13.1.jar;D:\ruanjian\localrepository\com\fasterxml\jackson\core\jackson-core\2.13.1\jackson-core-2.13.1.jar;D:\ruanjian\localrepository\org\codehaus\jettison\jettison\1.4.0\jettison-1.4.0.jar;D:\ruanjian\localrepository\com\netflix\eureka\eureka-core\1.10.17\eureka-core-1.10.17.jar;D:\ruanjian\localrepository\com\fasterxml\woodstox\woodstox-core\6.2.1\woodstox-core-6.2.1.jar;D:\ruanjian\localrepository\org\codehaus\woodstox\stax2-api\4.2.1\stax2-api-4.2.1.jar;D:\ruanjian\localrepository\org\springframework\cloud\spring-cloud-starter-loadbalancer\3.1.0\spring-cloud-starter-loadbalancer-3.1.0.jar;D:\ruanjian\localrepository\org\springframework\cloud\spring-cloud-loadbalancer\3.1.0\spring-cloud-loadbalancer-3.1.0.jar;D:\ruanjian\localrepository\io\projectreactor\addons\reactor-extra\3.4.6\reactor-extra-3.4.6.jar;D:\ruanjian\localrepository\org\springframework\boot\spring-boot-starter-cache\2.6.2\spring-boot-starter-cache-2.6.2.jar;D:\ruanjian\localrepository\com\stoyanr\evictor\1.0.0\evictor-1.0.0.jar;D:\ruanjian\localrepository\org\springframework\boot\spring-boot-starter-validation\2.6.2\spring-boot-starter-validation-2.6.2.jar;D:\ruanjian\localrepository\org\apache\tomcat\embed\tomcat-embed-el\9.0.56\tomcat-embed-el-9.0.56.jar;D:\ruanjian\localrepository\org\hibernate\validator\hibernate-validator\6.2.0.Final\hibernate-validator-6.2.0.Final.jar;D:\ruanjian\localrepository\jakarta\validation\jakarta.validation-api\2.0.2\jakarta.validation-api-2.0.2.jar;D:\ruanjian\localrepository\org\jboss\logging\jboss-logging\3.4.2.Final\jboss-logging-3.4.2.Final.jar;D:\ruanjian\localrepository\com\fasterxml\classmate\1.5.1\classmate-1.5.1.jar;D:\ruanjian\localrepository\com\auth0\java-jwt\3.18.2\java-jwt-3.18.2.jar;D:\ruanjian\localrepository\com\fasterxml\jackson\core\jackson-databind\2.13.1\jackson-databind-2.13.1.jar;D:\ruanjian\localrepository\cn\hutool\hutool-all\5.7.18\hutool-all-5.7.18.jar;D:\ruanjian\localrepository\org\springframework\boot\spring-boot-starter-data-redis\2.6.2\spring-boot-starter-data-redis-2.6.2.jar;D:\ruanjian\localrepository\org\springframework\data\spring-data-redis\2.6.0\spring-data-redis-2.6.0.jar;D:\ruanjian\localrepository\org\springframework\data\spring-data-keyvalue\2.6.0\spring-data-keyvalue-2.6.0.jar;D:\ruanjian\localrepository\org\springframework\data\spring-data-commons\2.6.0\spring-data-commons-2.6.0.jar;D:\ruanjian\localrepository\org\springframework\spring-tx\5.3.14\spring-tx-5.3.14.jar;D:\ruanjian\localrepository\org\springframework\spring-oxm\5.3.14\spring-oxm-5.3.14.jar;D:\ruanjian\localrepository\io\lettuce\lettuce-core\6.1.5.RELEASE\lettuce-core-6.1.5.RELEASE.jar;D:\ruanjian\localrepository\io\netty\netty-common\4.1.72.Final\netty-common-4.1.72.Final.jar;D:\ruanjian\localrepository\io\netty\netty-handler\4.1.72.Final\netty-handler-4.1.72.Final.jar;D:\ruanjian\localrepository\io\netty\netty-resolver\4.1.72.Final\netty-resolver-4.1.72.Final.jar;D:\ruanjian\localrepository\io\netty\netty-buffer\4.1.72.Final\netty-buffer-4.1.72.Final.jar;D:\ruanjian\localrepository\io\netty\netty-codec\4.1.72.Final\netty-codec-4.1.72.Final.jar;D:\ruanjian\localrepository\io\netty\netty-tcnative-classes\2.0.46.Final\netty-tcnative-classes-2.0.46.Final.jar;D:\ruanjian\localrepository\io\netty\netty-transport\4.1.72.Final\netty-transport-4.1.72.Final.jar;D:\ruanjian\localrepository\io\projectreactor\reactor-core\3.4.13\reactor-core-3.4.13.jar;D:\ruanjian\localrepository\org\reactivestreams\reactive-streams\1.0.3\reactive-streams-1.0.3.jar;D:\ruanjian\localrepository\org\projectlombok\lombok\1.18.10\lombok-1.18.10.jar;D:\ruanjian\localrepository\org\mapstruct\mapstruct\1.3.0.Final\mapstruct-1.3.0.Final.jar;D:\ruanjian\localrepository\org\mapstruct\mapstruct-processor\1.3.0.Final\mapstruct-processor-1.3.0.Final.jar;D:\ruanjian\localrepository\org\springframework\boot\spring-boot-starter-freemarker\2.6.2\spring-boot-starter-freemarker-2.6.2.jar;D:\ruanjian\localrepository\org\springframework\boot\spring-boot-starter\2.6.2\spring-boot-starter-2.6.2.jar;D:\ruanjian\localrepository\org\springframework\boot\spring-boot-starter-logging\2.6.2\spring-boot-starter-logging-2.6.2.jar;D:\ruanjian\localrepository\ch\qos\logback\logback-classic\1.2.9\logback-classic-1.2.9.jar;D:\ruanjian\localrepository\ch\qos\logback\logback-core\1.2.9\logback-core-1.2.9.jar;D:\ruanjian\localrepository\org\apache\logging\log4j\log4j-to-slf4j\2.17.0\log4j-to-slf4j-2.17.0.jar;D:\ruanjian\localrepository\org\apache\logging\log4j\log4j-api\2.17.0\log4j-api-2.17.0.jar;D:\ruanjian\localrepository\org\slf4j\jul-to-slf4j\1.7.32\jul-to-slf4j-1.7.32.jar;D:\ruanjian\localrepository\jakarta\annotation\jakarta.annotation-api\1.3.5\jakarta.annotation-api-1.3.5.jar;D:\ruanjian\localrepository\org\springframework\spring-core\5.3.14\spring-core-5.3.14.jar;D:\ruanjian\localrepository\org\springframework\spring-jcl\5.3.14\spring-jcl-5.3.14.jar;D:\ruanjian\localrepository\org\yaml\snakeyaml\1.29\snakeyaml-1.29.jar;D:\ruanjian\localrepository\org\freemarker\freemarker\2.3.31\freemarker-2.3.31.jar;D:\ruanjian\localrepository\org\springframework\spring-context-support\5.3.14\spring-context-support-5.3.14.jar;D:\ruanjian\localrepository\org\springframework\spring-beans\5.3.14\spring-beans-5.3.14.jar;D:\ruanjian\localrepository\org\springframework\spring-context\5.3.14\spring-context-5.3.14.jar;D:\ruanjian\localrepository\mysql\mysql-connector-java\8.0.27\mysql-connector-java-8.0.27.jar;D:\ruanjian\localrepository\com\alibaba\druid-spring-boot-starter\1.2.8\druid-spring-boot-starter-1.2.8.jar;D:\ruanjian\localrepository\com\alibaba\druid\1.2.8\druid-1.2.8.jar;D:\ruanjian\localrepository\org\slf4j\slf4j-api\1.7.32\slf4j-api-1.7.32.jar;D:\ruanjian\localrepository\org\springframework\boot\spring-boot-autoconfigure\2.6.2\spring-boot-autoconfigure-2.6.2.jar;D:\ruanjian\localrepository\org\mybatis\spring\boot\mybatis-spring-boot-starter\2.2.0\mybatis-spring-boot-starter-2.2.0.jar;D:\ruanjian\localrepository\org\springframework\boot\spring-boot-starter-jdbc\2.6.2\spring-boot-starter-jdbc-2.6.2.jar;D:\ruanjian\localrepository\com\zaxxer\HikariCP\4.0.3\HikariCP-4.0.3.jar;D:\ruanjian\localrepository\org\springframework\spring-jdbc\5.3.14\spring-jdbc-5.3.14.jar;D:\ruanjian\localrepository\org\mybatis\spring\boot\mybatis-spring-boot-autoconfigure\2.2.0\mybatis-spring-boot-autoconfigure-2.2.0.jar;D:\ruanjian\localrepository\org\mybatis\mybatis\3.5.7\mybatis-3.5.7.jar;D:\ruanjian\localrepository\org\mybatis\mybatis-spring\2.0.6\mybatis-spring-2.0.6.jar;D:\ruanjian\localrepository\com\baomidou\mybatis-plus-boot-starter\3.4.3.4\mybatis-plus-boot-starter-3.4.3.4.jar;D:\ruanjian\localrepository\com\baomidou\mybatis-plus\3.4.3.4\mybatis-plus-3.4.3.4.jar;D:\ruanjian\localrepository\com\baomidou\mybatis-plus-extension\3.4.3.4\mybatis-plus-extension-3.4.3.4.jar;D:\ruanjian\localrepository\com\baomidou\mybatis-plus-core\3.4.3.4\mybatis-plus-core-3.4.3.4.jar;D:\ruanjian\localrepository\com\baomidou\mybatis-plus-annotation\3.4.3.4\mybatis-plus-annotation-3.4.3.4.jar;D:\ruanjian\localrepository\com\github\jsqlparser\jsqlparser\4.2\jsqlparser-4.2.jar;D:\ruanjian\localrepository\org\springframework\boot\spring-boot-starter-web\2.6.2\spring-boot-starter-web-2.6.2.jar;D:\ruanjian\localrepository\org\springframework\boot\spring-boot-starter-json\2.6.2\spring-boot-starter-json-2.6.2.jar;D:\ruanjian\localrepository\com\fasterxml\jackson\datatype\jackson-datatype-jdk8\2.13.1\jackson-datatype-jdk8-2.13.1.jar;D:\ruanjian\localrepository\com\fasterxml\jackson\datatype\jackson-datatype-jsr310\2.13.1\jackson-datatype-jsr310-2.13.1.jar;D:\ruanjian\localrepository\com\fasterxml\jackson\module\jackson-module-parameter-names\2.13.1\jackson-module-parameter-names-2.13.1.jar;D:\ruanjian\localrepository\org\springframework\boot\spring-boot-starter-tomcat\2.6.2\spring-boot-starter-tomcat-2.6.2.jar;D:\ruanjian\localrepository\org\apache\tomcat\embed\tomcat-embed-core\9.0.56\tomcat-embed-core-9.0.56.jar;D:\ruanjian\localrepository\org\apache\tomcat\embed\tomcat-embed-websocket\9.0.56\tomcat-embed-websocket-9.0.56.jar;D:\ruanjian\localrepository\org\springframework\spring-web\5.3.14\spring-web-5.3.14.jar;D:\ruanjian\localrepository\org\springframework\spring-webmvc\5.3.14\spring-webmvc-5.3.14.jar;D:\ruanjian\localrepository\org\springframework\spring-aop\5.3.14\spring-aop-5.3.14.jar;D:\ruanjian\localrepository\org\springframework\spring-expression\5.3.14\spring-expression-5.3.14.jar;D:\ruanjian\localrepository\org\springframework\boot\spring-boot-devtools\2.6.2\spring-boot-devtools-2.6.2.jar;D:\ruanjian\localrepository\org\springframework\boot\spring-boot\2.6.2\spring-boot-2.6.2.jar;D:\ruanjian\localrepository\junit\junit\4.13.2\junit-4.13.2.jar;D:\ruanjian\localrepository\org\hamcrest\hamcrest-core\2.2\hamcrest-core-2.2.jar;D:\ruanjian\localrepository\org\hamcrest\hamcrest\2.2\hamcrest-2.2.jar;"/>
    <property name="sun.cpu.endian" value="little"/>
    <property name="user.home" value="C:\Users\王晗"/>
    <property name="user.language" value="zh"/>
    <property name="java.specification.vendor" value="Oracle Corporation"/>
    <property name="java.home" value="C:\Program Files\Java\jdk1.8.0_301\jre"/>
    <property name="basedir" value="F:\smartmedicalsystem\smartmedicalsystem\smart-medical-provider-commons"/>
    <property name="file.separator" value="\"/>
    <property name="line.separator" value="&#10;"/>
    <property name="java.vm.specification.vendor" value="Oracle Corporation"/>
    <property name="java.specification.name" value="Java Platform API Specification"/>
    <property name="java.awt.graphicsenv" value="sun.awt.Win32GraphicsEnvironment"/>
    <property name="surefire.real.class.path" value="C:\Users\王晗\AppData\Local\Temp\surefire7829731739168616479\surefirebooter4714677014835100381.jar"/>
    <property name="sun.boot.class.path" value="C:\Program Files\Java\jdk1.8.0_301\jre\lib\resources.jar;C:\Program Files\Java\jdk1.8.0_301\jre\lib\rt.jar;C:\Program Files\Java\jdk1.8.0_301\jre\lib\sunrsasign.jar;C:\Program Files\Java\jdk1.8.0_301\jre\lib\jsse.jar;C:\Program Files\Java\jdk1.8.0_301\jre\lib\jce.jar;C:\Program Files\Java\jdk1.8.0_301\jre\lib\charsets.jar;C:\Program Files\Java\jdk1.8.0_301\jre\lib\jfr.jar;C:\Program Files\Java\jdk1.8.0_301\jre\classes"/>
    <property name="user.script" value=""/>
    <property name="sun.management.compiler" value="HotSpot 64-Bit Tiered Compilers"/>
    <property name="java.runtime.version" value="1.8.0_301-b09"/>
    <property name="user.name" value="王晗"/>
    <property name="path.separator" value=";"/>
    <property name="os.version" value="10.0"/>
    <property name="java.endorsed.dirs" value="C:\Program Files\Java\jdk1.8.0_301\jre\lib\endorsed"/>
    <property name="java.runtime.name" value="Java(TM) SE Runtime Environment"/>
    <property name="file.encoding" value="GBK"/>
    <property name="java.vm.name" value="Java HotSpot(TM) 64-Bit Server VM"/>
    <property name="localRepository" value="D:\ruanjian\localrepository"/>
    <property name="java.vendor.url.bug" value="http://bugreport.sun.com/bugreport/"/>
    <property name="java.io.tmpdir" value="C:\Users\王晗\AppData\Local\Temp\"/>
    <property name="idea.version" value="2021.3"/>
    <property name="java.version" value="1.8.0_301"/>
    <property name="user.dir" value="F:\smartmedicalsystem\smartmedicalsystem\smart-medical-provider-commons"/>
    <property name="os.arch" value="amd64"/>
    <property name="java.vm.specification.name" value="Java Virtual Machine Specification"/>
    <property name="java.awt.printerjob" value="sun.awt.windows.WPrinterJob"/>
    <property name="sun.os.patch.level" value=""/>
    <property name="java.library.path" value="C:\Program Files\Java\jdk1.8.0_301\jre\bin;C:\WINDOWS\Sun\Java\bin;C:\WINDOWS\system32;C:\WINDOWS;C:\Program Files (x86)\Common Files\Oracle\Java\javapath;C:\windows\system32;C:\windows;C:\windows\System32\Wbem;C:\windows\System32\WindowsPowerShell\v1.0\;C:\windows\System32\OpenSSH\;C:\Program Files (x86)\NVIDIA Corporation\PhysX\Common;C:\Program Files\Common Files\Autodesk Shared\;C:\Program Files\Microsoft SQL Server\Client SDK\ODBC\110\Tools\Binn\;C:\Program Files (x86)\Microsoft SQL Server\120\Tools\Binn\;C:\Program Files\Microsoft SQL Server\120\Tools\Binn\;C:\Program Files\Microsoft SQL Server\120\DTS\Binn\;C:\Program Files (x86)\Windows Kits\8.1\Windows Performance Toolkit\;C:\Program Files\Intel\WiFi\bin\;C:\Program Files\Common Files\Intel\WirelessCommon\;C:\WINDOWS\system32;C:\WINDOWS;C:\WINDOWS\System32\Wbem;C:\WINDOWS\System32\WindowsPowerShell\v1.0\;C:\WINDOWS\System32\OpenSSH\;C:\Program Files\NVIDIA Corporation\NVIDIA NvDLISR;C:\Program Files\Java\jdk1.8.0_301\bin;C:\Program Files\MySQL\MySQL Server 8.0\bin;D:\ruanjian\Microsoft VS Code\bin;C:\Program Files\Git\cmd;C:\Program Files\Redis\;C:\Program Files\nodejs\;C:\Users\王晗\AppData\Local\Microsoft\WindowsApps;;D:\ruanjian\IntelliJ IDEA 2021.3\bin;;C:\Users\王晗\AppData\Roaming\npm;."/>
    <property name="java.vm.info" value="mixed mode"/>
    <property name="java.vendor" value="Oracle Corporation"/>
    <property name="java.vm.version" value="25.301-b09"/>
    <property name="java.ext.dirs" value="C:\Program Files\Java\jdk1.8.0_301\jre\lib\ext;C:\WINDOWS\Sun\Java\lib\ext"/>
    <property name="sun.io.unicode.encoding" value="UnicodeLittle"/>
    <property name="java.class.version" value="52.0"/>
  </properties>
  <testcase name="shouldAnswerWithTrue" classname="com.medical.smart.AppTest" time="0.003"/>
</testsuite>